Added Component: Designator=BT1(BAT-2)
Added Component: Designator=C1(cap 48 pol (.46/.2/.6/125/36))
Added Component: Designator=C2(cap 48 pol (.46/.2/.6/125/36))
Added Component: Designator=C3(cap 48 pol (.46/.2/.6/125/36))
Added Component: Designator=C4(cap 48 pol (.46/.2/.6/125/36))
Added Component: Designator=C5(RAD-0.3)
Added Component: Designator=C6(cap 48 pol (.46/.2/.6/125/36))
Added Component: Designator=C7(RAD-0.3)
Added Component: Designator=C8(RAD-0.3)
Added Component: Designator=C9(RAD-0.3)
Added Component: Designator=C10(cap 64 pol (D.4/.2/80/36))
Added Component: Designator=C11(cap 62 pol (D.22/.1/75/32))
Added Component: Designator=C12(cap 63 pol (D.52/.2/90/36))
Added Component: Designator=C13(cap 64 pol (D.4/.2/80/36))
Added Component: Designator=C14(cap 62 pol (D.22/.1/75/32))
Added Component: Designator=CON1(con jacksock 3.5mm (MJ-352W-0))
Added Component: Designator=D1(DIODE-0.7)
Added Component: Designator=D2(DO-41)
Added Component: Designator=D3(DO-41)
Added Component: Designator=LM317(smd SOT-223)
Added Component: Designator=LM336(TO-92)
Added Component: Designator=LM337(smd SOT-223)
Added Component: Designator=LS_L(PIN2)
Added Component: Designator=LS_R(PIN2)
Added Component: Designator=R1(ws 0.6W H)
Added Component: Designator=R2(ws 0.6W H)
Added Component: Designator=R 3 (ws 2.5W H)
Added Component: Designator=R3(ws 0.6W H)
Added Component: Designator=R 4(ws 2.5W H)
Added Component: Designator=R4(ws 0.6W H)
Added Component: Designator=R5(ws 0.6W H)
Added Component: Designator=R6(ws 0.6W H)
Added Component: Designator=R7(ws 0.6W H)
Added Component: Designator=R8(ws 0.6W H)
Added Component: Designator=R9(ws 0.6W H)
Added Component: Designator=R10(ws 0.6W H)
Added Component: Designator=S1(TL36WW15050)
Added Component: Designator=S2(SPST-2)
Added Component: Designator=S3(SPST-2)
Added Component: Designator=T1(TO-18)
Added Pin To Net: NetName=+VS Pin=BT1-1
Added Pin To Net: NetName=+VS Pin=C10-1
Added Pin To Net: NetName=+VS Pin=C12-1
Added Pin To Net: NetName=+VS Pin=D2-2
Added Pin To Net: NetName=+VS Pin=LM317-3
Added Pin To Net: NetName=+VS Pin=S3-2
Added Net: Name=+VS
Added Pin To Net: NetName=-VS Pin=BT1-2
Added Pin To Net: NetName=-VS Pin=C12-2
Added Pin To Net: NetName=-VS Pin=C13-2
Added Pin To Net: NetName=-VS Pin=C14-2
Added Pin To Net: NetName=-VS Pin=D3-1
Added Pin To Net: NetName=-VS Pin=LM337-2
Added Pin To Net: NetName=-VS Pin=R10-1
Added Net: Name=-VS
Added Pin To Net: NetName=GND Pin=C4-2
Added Pin To Net: NetName=GND Pin=C5-1
Added Pin To Net: NetName=GND Pin=C6-2
Added Pin To Net: NetName=GND Pin=C7-1
Added Pin To Net: NetName=GND Pin=C8-1
Added Pin To Net: NetName=GND Pin=C9-1
Added Pin To Net: NetName=GND Pin=C10-2
Added Pin To Net: NetName=GND Pin=C13-1
Added Pin To Net: NetName=GND Pin=CON1-1
Added Pin To Net: NetName=GND Pin=D1-1
Added Pin To Net: NetName=GND Pin=D2-1
Added Pin To Net: NetName=GND Pin=D3-2
Added Pin To Net: NetName=GND Pin=LS_L-1
Added Pin To Net: NetName=GND Pin=LS_R-1
Added Pin To Net: NetName=GND Pin=R 3 -1
Added Pin To Net: NetName=GND Pin=R3-1
Added Pin To Net: NetName=GND Pin=R 4-2
Added Pin To Net: NetName=GND Pin=S1-3
Added Pin To Net: NetName=GND Pin=S2-1
Added Net: Name=GND
Added Pin To Net: NetName=NetC1_1 Pin=C1-1
Added Net: Name=NetC1_1
Added Pin To Net: NetName=NetC1_2 Pin=C1-2
Added Pin To Net: NetName=NetC1_2 Pin=CON1-2
Added Net: Name=NetC1_2
Added Pin To Net: NetName=NetC2_1 Pin=C2-1
Added Net: Name=NetC2_1
Added Pin To Net: NetName=NetC2_2 Pin=C2-2
Added Pin To Net: NetName=NetC2_2 Pin=CON1-3
Added Net: Name=NetC2_2
Added Pin To Net: NetName=NetC3_1 Pin=C3-1
Added Pin To Net: NetName=NetC3_1 Pin=C4-1
Added Pin To Net: NetName=NetC3_1 Pin=C5-2
Added Pin To Net: NetName=NetC3_1 Pin=R2-2
Added Pin To Net: NetName=NetC3_1 Pin=S1-1
Added Pin To Net: NetName=NetC3_1 Pin=S3-1
Added Net: Name=NetC3_1
Added Pin To Net: NetName=NetC3_2 Pin=C3-2
Added Pin To Net: NetName=NetC3_2 Pin=R2-1
Added Pin To Net: NetName=NetC3_2 Pin=T1-3
Added Net: Name=NetC3_2
Added Pin To Net: NetName=NetC6_1 Pin=C6-1
Added Pin To Net: NetName=NetC6_1 Pin=C7-2
Added Net: Name=NetC6_1
Added Pin To Net: NetName=NetC8_2 Pin=C8-2
Added Pin To Net: NetName=NetC8_2 Pin=R5-2
Added Net: Name=NetC8_2
Added Pin To Net: NetName=NetC9_2 Pin=C9-2
Added Pin To Net: NetName=NetC9_2 Pin=R6-1
Added Net: Name=NetC9_2
Added Pin To Net: NetName=NetC11_1 Pin=C11-1
Added Pin To Net: NetName=NetC11_1 Pin=R7-1
Added Net: Name=NetC11_1
Added Pin To Net: NetName=NetC11_2 Pin=C11-2
Added Pin To Net: NetName=NetC11_2 Pin=LM336-2
Added Pin To Net: NetName=NetC11_2 Pin=LM337-1
Added Pin To Net: NetName=NetC11_2 Pin=R8-1
Added Net: Name=NetC11_2
Added Pin To Net: NetName=NetC14_1 Pin=C14-1
Added Pin To Net: NetName=NetC14_1 Pin=LM317-1
Added Pin To Net: NetName=NetC14_1 Pin=LM336-3
Added Pin To Net: NetName=NetC14_1 Pin=R9-1
Added Net: Name=NetC14_1
Added Pin To Net: NetName=NetD1_2 Pin=D1-2
Added Pin To Net: NetName=NetD1_2 Pin=R1-1
Added Pin To Net: NetName=NetD1_2 Pin=T1-2
Added Net: Name=NetD1_2
Added Pin To Net: NetName=NetLM317_2 Pin=LM317-2
Added Pin To Net: NetName=NetLM317_2 Pin=R 3 -2
Added Net: Name=NetLM317_2
Added Pin To Net: NetName=NetLM337_3 Pin=LM337-3
Added Pin To Net: NetName=NetLM337_3 Pin=R 4-1
Added Net: Name=NetLM337_3
Added Pin To Net: NetName=NetLS_L_2 Pin=LS_L-2
Added Pin To Net: NetName=NetLS_L_2 Pin=R5-1
Added Net: Name=NetLS_L_2
Added Pin To Net: NetName=NetLS_R_2 Pin=LS_R-2
Added Pin To Net: NetName=NetLS_R_2 Pin=R6-2
Added Net: Name=NetLS_R_2
Added Pin To Net: NetName=NetR1_2 Pin=R1-2
Added Pin To Net: NetName=NetR1_2 Pin=S1-2
Added Net: Name=NetR1_2
Added Pin To Net: NetName=NetR3_2 Pin=R3-2
Added Pin To Net: NetName=NetR3_2 Pin=R4-2
Added Pin To Net: NetName=NetR3_2 Pin=T1-1
Added Net: Name=NetR3_2
Added Pin To Net: NetName=NetR4_1 Pin=R4-1
Added Pin To Net: NetName=NetR4_1 Pin=S2-2
Added Net: Name=NetR4_1
Added Pin To Net: NetName=NetR7_2 Pin=R7-2
Added Pin To Net: NetName=NetR7_2 Pin=R8-2
Added Net: Name=NetR7_2
Added Pin To Net: NetName=NetR9_2 Pin=R9-2
Added Pin To Net: NetName=NetR9_2 Pin=R10-2
Added Net: Name=NetR9_2
Added Class: Name=rugzak
Added Room: Name=rugzak
